
info [Wed Jul 25 2018 22:38:33 GMT+0800 (China Standard Time)]  buy,btc,8171.94
info [Wed Jul 25 2018 22:38:33 GMT+0800 (China Standard Time)]  usdtAvailable,137.48222366087998
info [Wed Jul 25 2018 22:38:33 GMT+0800 (China Standard Time)]  buy,eth,468.77
info [Wed Jul 25 2018 22:38:33 GMT+0800 (China Standard Time)]  usdtAvailable,124.0508978203303
info [Wed Jul 25 2018 22:38:38 GMT+0800 (China Standard Time)]  buy,eth,468.75
info [Wed Jul 25 2018 22:38:38 GMT+0800 (China Standard Time)]  usdtAvailable,120.69306636019289
info [Wed Jul 25 2018 22:38:40 GMT+0800 (China Standard Time)]  buy,eth,468.69
info [Wed Jul 25 2018 22:38:40 GMT+0800 (China Standard Time)]  usdtAvailable,116.49577703502112
info [Wed Jul 25 2018 22:38:56 GMT+0800 (China Standard Time)]  buy,eth,468.58
info [Wed Jul 25 2018 22:38:56 GMT+0800 (China Standard Time)]  usdtAvailable,111.2491653785564
info [Wed Jul 25 2018 22:38:56 GMT+0800 (China Standard Time)]  buy,eth,468.58
info [Wed Jul 25 2018 22:38:56 GMT+0800 (China Standard Time)]  usdtAvailable,104.69090080797551
info [Wed Jul 25 2018 22:39:05 GMT+0800 (China Standard Time)]  buy,btc,8174.12
info [Wed Jul 25 2018 22:39:05 GMT+0800 (China Standard Time)]  usdtAvailable,100.9695078641955
info [Wed Jul 25 2018 22:39:05 GMT+0800 (China Standard Time)]  buy,btc,8174.12
info [Wed Jul 25 2018 22:39:05 GMT+0800 (China Standard Time)]  usdtAvailable,96.3177666844705
info [Wed Jul 25 2018 22:39:05 GMT+0800 (China Standard Time)]  buy,btc,8174.07
info [Wed Jul 25 2018 22:39:05 GMT+0800 (China Standard Time)]  usdtAvailable,90.50309020981425
info [Wed Jul 25 2018 22:39:09 GMT+0800 (China Standard Time)]  buy,btc,8173.97
info [Wed Jul 25 2018 22:39:09 GMT+0800 (China Standard Time)]  usdtAvailable,83.23474461649393
info [Wed Jul 25 2018 22:39:51 GMT+0800 (China Standard Time)]  buy,btc,8173.19
info [Wed Jul 25 2018 22:39:51 GMT+0800 (China Standard Time)]  usdtAvailable,74.14931262484353
info [Wed Jul 25 2018 22:39:57 GMT+0800 (China Standard Time)]  buy,eth,468.84
info [Wed Jul 25 2018 22:39:57 GMT+0800 (China Standard Time)]  usdtAvailable,65.95148191161742
info [Wed Jul 25 2018 22:40:25 GMT+0800 (China Standard Time)]  buy,btc,8173.18
info [Wed Jul 25 2018 22:40:25 GMT+0800 (China Standard Time)]  usdtAvailable,54.594691922054416
info [Wed Jul 25 2018 22:40:51 GMT+0800 (China Standard Time)]  buy,zec,209.55
info [Wed Jul 25 2018 22:40:51 GMT+0800 (China Standard Time)]  usdtAvailable,53.568994147568816
info [Wed Jul 25 2018 22:40:51 GMT+0800 (China Standard Time)]  buy,zec,209.55
info [Wed Jul 25 2018 22:40:51 GMT+0800 (China Standard Time)]  usdtAvailable,53.31256970394742
info [Wed Jul 25 2018 22:41:05 GMT+0800 (China Standard Time)]  buy,eth,469.22
info [Wed Jul 25 2018 22:41:05 GMT+0800 (China Standard Time)]  usdtAvailable,43.06528131241477
info [Wed Jul 25 2018 22:42:55 GMT+0800 (China Standard Time)]  buy,dash,243.21
info [Wed Jul 25 2018 22:42:55 GMT+0800 (China Standard Time)]  usdtAvailable,42.256192339757774
info [Wed Jul 25 2018 22:43:13 GMT+0800 (China Standard Time)]  buy,dash,243.22
info [Wed Jul 25 2018 22:43:13 GMT+0800 (China Standard Time)]  usdtAvailable,42.05392009659353
info [Wed Jul 25 2018 22:43:20 GMT+0800 (China Standard Time)]  buy,dash,243.11
info [Wed Jul 25 2018 22:43:20 GMT+0800 (China Standard Time)]  usdtAvailable,41.80107979263822
info [Wed Jul 25 2018 22:47:53 GMT+0800 (China Standard Time)]  buy,zec,209.19
info [Wed Jul 25 2018 22:47:53 GMT+0800 (China Standard Time)]  usdtAvailable,41.48054923811147











info [Wed Jul 25 2018 23:15:44 GMT+0800 (China Standard Time)]  buy,eth,468.84
info [Wed Jul 25 2018 23:15:44 GMT+0800 (China Standard Time)]  usdtAvailable,137.48222366087998
info [Wed Jul 25 2018 23:15:45 GMT+0800 (China Standard Time)]  buy,eth,468.83
info [Wed Jul 25 2018 23:15:45 GMT+0800 (China Standard Time)]  usdtAvailable,133.76083071709996
info [Wed Jul 25 2018 23:15:46 GMT+0800 (China Standard Time)]  buy,eth,468.88
info [Wed Jul 25 2018 23:15:46 GMT+0800 (China Standard Time)]  usdtAvailable,129.10908953737496
info [Wed Jul 25 2018 23:15:49 GMT+0800 (China Standard Time)]  buy,eth,468.74
info [Wed Jul 25 2018 23:15:49 GMT+0800 (China Standard Time)]  usdtAvailable,123.2944130627187
info [Wed Jul 25 2018 23:15:50 GMT+0800 (China Standard Time)]  buy,eth,468.72
info [Wed Jul 25 2018 23:15:50 GMT+0800 (China Standard Time)]  usdtAvailable,116.02606746939838
info [Wed Jul 25 2018 23:15:51 GMT+0800 (China Standard Time)]  buy,eth,468.72
info [Wed Jul 25 2018 23:15:51 GMT+0800 (China Standard Time)]  usdtAvailable,106.94063547774797
info [Wed Jul 25 2018 23:15:51 GMT+0800 (China Standard Time)]  buy,btc,8160
info [Wed Jul 25 2018 23:15:51 GMT+0800 (China Standard Time)]  usdtAvailable,96.49307009474938
info [Wed Jul 25 2018 23:15:52 GMT+0800 (China Standard Time)]  buy,eth,468.67
info [Wed Jul 25 2018 23:15:52 GMT+0800 (China Standard Time)]  usdtAvailable,85.13628010518639
info [Wed Jul 25 2018 23:15:53 GMT+0800 (China Standard Time)]  buy,btc,8161.21
info [Wed Jul 25 2018 23:15:53 GMT+0800 (China Standard Time)]  usdtAvailable,82.52438875943673
info [Wed Jul 25 2018 23:15:54 GMT+0800 (China Standard Time)]  buy,btc,8161.13
info [Wed Jul 25 2018 23:15:54 GMT+0800 (China Standard Time)]  usdtAvailable,79.25952457724968
info [Wed Jul 25 2018 23:15:55 GMT+0800 (China Standard Time)]  buy,btc,8161.47
info [Wed Jul 25 2018 23:15:55 GMT+0800 (China Standard Time)]  usdtAvailable,75.17844434951586
info [Wed Jul 25 2018 23:15:55 GMT+0800 (China Standard Time)]  buy,btc,8161.47
info [Wed Jul 25 2018 23:15:55 GMT+0800 (China Standard Time)]  usdtAvailable,70.07709406484858
info [Wed Jul 25 2018 23:15:56 GMT+0800 (China Standard Time)]  buy,btc,8161.14
info [Wed Jul 25 2018 23:15:56 GMT+0800 (China Standard Time)]  usdtAvailable,63.70040620901448
info [Wed Jul 25 2018 23:15:57 GMT+0800 (China Standard Time)]  buy,btc,8161.13
info [Wed Jul 25 2018 23:15:57 GMT+0800 (China Standard Time)]  usdtAvailable,55.72954638922186
info [Wed Jul 25 2018 23:15:57 GMT+0800 (China Standard Time)]  buy,btc,8161.13
info [Wed Jul 25 2018 23:15:57 GMT+0800 (China Standard Time)]  usdtAvailable,45.765971614481074
info [Thu Jul 26 2018 00:31:52 GMT+0800 (China Standard Time)]  sell,eth,473.81
info [Thu Jul 26 2018 00:31:52 GMT+0800 (China Standard Time)]  erned,0.38215020585164017
info [Thu Jul 26 2018 00:31:52 GMT+0800 (China Standard Time)]  totalErned,0.38215020585164017

info [Thu Jul 26 2018 05:41:42 GMT+0800 (China Standard Time)]  sell,btc,8285.36
info [Thu Jul 26 2018 05:41:42 GMT+0800 (China Standard Time)]  erned,0.5574767968862622
info [Thu Jul 26 2018 05:41:42 GMT+0800 (China Standard Time)]  totalErned,0.5574767968862622




